<?xml version="1.0" encoding="UTF-8"?>
<!-- Generated by org.testng.reporters.JUnitReportReporter -->
<testsuite hostname="DESKTOP-A67D2LQ" failures="0" tests="2" name="TestGroup.PracticeProblems2D.A25_TestNGAnnotationsB" time="0.007" errors="0" timestamp="2021-05-01T13:00:44 IST" skipped="0">
  <testcase classname="TestGroup.PracticeProblems2D.A25_TestNGAnnotationsB" name="myTestMethod2" time="0.005"/>
  <system-out/>
  <testcase classname="TestGroup.PracticeProblems2D.A25_TestNGAnnotationsB" name="myTestMethod1" time="0.002"/>
  <system-out/>
</testsuite> <!-- TestGroup.PracticeProblems2D.A25_TestNGAnnotationsB -->
