<?xml version="1.0" encoding="UTF-8"?>
<!-- Generated by org.testng.reporters.JUnitReportReporter -->
<testsuite hostname="DESKTOP-A67D2LQ" failures="0" tests="2" name="TestGroup.PracticeProblems2D.A25_TestNGAnnotations" time="0.023" errors="0" timestamp="2021-05-01T12:56:06 IST" skipped="0">
  <testcase classname="TestGroup.PracticeProblems2D.A25_TestNGAnnotations" name="myTestMethod1" time="0.019"/>
  <system-out/>
  <testcase classname="TestGroup.PracticeProblems2D.A25_TestNGAnnotations" name="myTestMethod2" time="0.004"/>
  <system-out/>
</testsuite> <!-- TestGroup.PracticeProblems2D.A25_TestNGAnnotations -->
